2026-06-25 16:28:54,447 - INFO - === ETAPP 1: EXTRACT (periood 2023-01-01 kuni 2024-12-31) ===
2026-06-25 16:28:54,772 - INFO - HTTP Request: GET https://eocuprgglufoalmnphvi.supabase.co/rest/v1/sales?select=%2A&sale_date=gte.2023-01-01&sale_date=lte.2024-12-31&offset=0&limit=1000 "HTTP/2 200 OK"
2026-06-25 16:28:54,793 - INFO - Tabel sales: laetud read 0-999, saadi 1000 rida
2026-06-25 16:28:54,854 - INFO - HTTP Request: GET https://eocuprgglufoalmnphvi.supabase.co/rest/v1/sales?select=%2A&sale_date=gte.2023-01-01&sale_date=lte.2024-12-31&offset=1000&limit=1000 "HTTP/2 200 OK"
2026-06-25 16:28:54,876 - INFO - Tabel sales: laetud read 1000-1999, saadi 1000 rida
2026-06-25 16:28:54,998 - INFO - HTTP Request: GET https://eocuprgglufoalmnphvi.supabase.co/rest/v1/sales?select=%2A&sale_date=gte.2023-01-01&sale_date=lte.2024-12-31&offset=2000&limit=1000 "HTTP/2 200 OK"
2026-06-25 16:28:55,026 - INFO - Tabel sales: laetud read 2000-2999, saadi 1000 rida
2026-06-25 16:28:55,091 - INFO - HTTP Request: GET https://eocuprgglufoalmnphvi.supabase.co/rest/v1/sales?select=%2A&sale_date=gte.2023-01-01&sale_date=lte.2024-12-31&offset=3000&limit=1000 "HTTP/2 200 OK"
2026-06-25 16:28:55,115 - INFO - Tabel sales: laetud read 3000-3999, saadi 1000 rida
2026-06-25 16:28:55,185 - INFO - HTTP Request: GET https://eocuprgglufoalmnphvi.supabase.co/rest/v1/sales?select=%2A&sale_date=gte.2023-01-01&sale_date=lte.2024-12-31&offset=4000&limit=1000 "HTTP/2 200 OK"
2026-06-25 16:28:55,208 - INFO - Tabel sales: laetud read 4000-4999, saadi 1000 rida
2026-06-25 16:28:55,277 - INFO - HTTP Request: GET https://eocuprgglufoalmnphvi.supabase.co/rest/v1/sales?select=%2A&sale_date=gte.2023-01-01&sale_date=lte.2024-12-31&offset=5000&limit=1000 "HTTP/2 200 OK"
2026-06-25 16:28:55,298 - INFO - Tabel sales: laetud read 5000-5999, saadi 1000 rida
2026-06-25 16:28:55,372 - INFO - HTTP Request: GET https://eocuprgglufoalmnphvi.supabase.co/rest/v1/sales?select=%2A&sale_date=gte.2023-01-01&sale_date=lte.2024-12-31&offset=6000&limit=1000 "HTTP/2 200 OK"
2026-06-25 16:28:55,395 - INFO - Tabel sales: laetud read 6000-6999, saadi 1000 rida
2026-06-25 16:28:55,519 - INFO - HTTP Request: GET https://eocuprgglufoalmnphvi.supabase.co/rest/v1/sales?select=%2A&sale_date=gte.2023-01-01&sale_date=lte.2024-12-31&offset=7000&limit=1000 "HTTP/2 200 OK"
2026-06-25 16:28:55,537 - INFO - Tabel sales: laetud read 7000-7999, saadi 1000 rida
2026-06-25 16:28:55,618 - INFO - HTTP Request: GET https://eocuprgglufoalmnphvi.supabase.co/rest/v1/sales?select=%2A&sale_date=gte.2023-01-01&sale_date=lte.2024-12-31&offset=8000&limit=1000 "HTTP/2 200 OK"
2026-06-25 16:28:55,629 - INFO - Tabel sales: laetud read 8000-8999, saadi 1000 rida
2026-06-25 16:28:55,692 - INFO - HTTP Request: GET https://eocuprgglufoalmnphvi.supabase.co/rest/v1/sales?select=%2A&sale_date=gte.2023-01-01&sale_date=lte.2024-12-31&offset=9000&limit=1000 "HTTP/2 200 OK"
2026-06-25 16:28:55,696 - INFO - Tabel sales: laetud read 9000-9999, saadi 411 rida
2026-06-25 16:28:55,795 - INFO - HTTP Request: GET https://eocuprgglufoalmnphvi.supabase.co/rest/v1/customers?select=%2A&offset=0&limit=1000 "HTTP/2 200 OK"
2026-06-25 16:28:55,807 - INFO - Tabel customers: laetud read 0-999, saadi 1000 rida
2026-06-25 16:28:55,867 - INFO - HTTP Request: GET https://eocuprgglufoalmnphvi.supabase.co/rest/v1/customers?select=%2A&offset=1000&limit=1000 "HTTP/2 200 OK"
2026-06-25 16:28:55,882 - INFO - Tabel customers: laetud read 1000-1999, saadi 1000 rida
2026-06-25 16:28:55,940 - INFO - HTTP Request: GET https://eocuprgglufoalmnphvi.supabase.co/rest/v1/customers?select=%2A&offset=2000&limit=1000 "HTTP/2 200 OK"
2026-06-25 16:28:55,956 - INFO - Tabel customers: laetud read 2000-2999, saadi 1000 rida
2026-06-25 16:28:56,094 - INFO - HTTP Request: GET https://eocuprgglufoalmnphvi.supabase.co/rest/v1/customers?select=%2A&offset=3000&limit=1000 "HTTP/2 200 OK"
2026-06-25 16:28:56,100 - INFO - Tabel customers: laetud read 3000-3999, saadi 150 rida
2026-06-25 16:28:56,223 - INFO - HTTP Request: GET https://eocuprgglufoalmnphvi.supabase.co/rest/v1/products?select=%2A&offset=0&limit=1000 "HTTP/2 200 OK"
2026-06-25 16:28:56,236 - INFO - Tabel products: laetud read 0-999, saadi 362 rida
2026-06-25 16:28:56,237 - INFO - Extract OK — müük: 9411 rida, kliendid: 3150, tooted: 362 (1.8s)
2026-06-25 16:28:56,237 - INFO - === ETAPP 2: TRANSFORM ===
2026-06-25 16:28:56,266 - INFO - Puhastamine OK — duplikaadid eemaldatud
2026-06-25 16:28:56,286 - INFO - Nädalakoondandmed OK — 105 nädalat
2026-06-25 16:28:56,286 - INFO - KPI-d OK — käive: 2691235.81 EUR, kliente: 2464, AOV: 287.80 EUR
2026-06-25 16:28:56,289 - INFO - Liitmine OK — 9351 rida, 20 veergu (0.1s)
2026-06-25 16:28:56,289 - INFO - === ETAPP 3: VISUALIZE ===
2026-06-25 16:28:56,431 - INFO - Diagrammid loodud (0.1s)
2026-06-25 16:28:56,431 - INFO - === ETAPP 4: EXPORT ===
2026-06-25 16:28:56,497 - INFO - Eksporditud 9351 rida faili output/pipeline_results_20260625_162856.csv
2026-06-25 16:28:56,497 - INFO - CSV salvestatud: output/pipeline_results_20260625_162856.csv
2026-06-25 16:28:56,523 - INFO - Diagramm salvestatud: output/weekly_revenue_20260625_162856.html
2026-06-25 16:28:56,542 - INFO - Diagramm salvestatud: output/kpi_summary_20260625_162856.html
2026-06-25 16:28:56,542 - INFO - HTML diagrammid salvestatud: ['output/weekly_revenue_20260625_162856.html', 'output/kpi_summary_20260625_162856.html']
2026-06-25 16:28:56,542 - INFO - Export OK (0.1s)
2026-06-25 16:31:33,606 - INFO - === ETAPP 1: EXTRACT (periood 2023-01-01 kuni 2024-12-31) ===
2026-06-25 16:31:33,921 - INFO - HTTP Request: GET https://eocuprgglufoalmnphvi.supabase.co/rest/v1/sales?select=%2A&sale_date=gte.2023-01-01&sale_date=lte.2024-12-31&offset=0&limit=1000 "HTTP/2 200 OK"
2026-06-25 16:31:33,948 - INFO - Tabel sales: laetud read 0-999, saadi 1000 rida
2026-06-25 16:31:34,010 - INFO - HTTP Request: GET https://eocuprgglufoalmnphvi.supabase.co/rest/v1/sales?select=%2A&sale_date=gte.2023-01-01&sale_date=lte.2024-12-31&offset=1000&limit=1000 "HTTP/2 200 OK"
2026-06-25 16:31:34,030 - INFO - Tabel sales: laetud read 1000-1999, saadi 1000 rida
2026-06-25 16:31:34,090 - INFO - HTTP Request: GET https://eocuprgglufoalmnphvi.supabase.co/rest/v1/sales?select=%2A&sale_date=gte.2023-01-01&sale_date=lte.2024-12-31&offset=2000&limit=1000 "HTTP/2 200 OK"
2026-06-25 16:31:34,101 - INFO - Tabel sales: laetud read 2000-2999, saadi 1000 rida
2026-06-25 16:31:34,160 - INFO - HTTP Request: GET https://eocuprgglufoalmnphvi.supabase.co/rest/v1/sales?select=%2A&sale_date=gte.2023-01-01&sale_date=lte.2024-12-31&offset=3000&limit=1000 "HTTP/2 200 OK"
2026-06-25 16:31:34,175 - INFO - Tabel sales: laetud read 3000-3999, saadi 1000 rida
2026-06-25 16:31:34,234 - INFO - HTTP Request: GET https://eocuprgglufoalmnphvi.supabase.co/rest/v1/sales?select=%2A&sale_date=gte.2023-01-01&sale_date=lte.2024-12-31&offset=4000&limit=1000 "HTTP/2 200 OK"
2026-06-25 16:31:34,246 - INFO - Tabel sales: laetud read 4000-4999, saadi 1000 rida
2026-06-25 16:31:34,390 - INFO - HTTP Request: GET https://eocuprgglufoalmnphvi.supabase.co/rest/v1/sales?select=%2A&sale_date=gte.2023-01-01&sale_date=lte.2024-12-31&offset=5000&limit=1000 "HTTP/2 200 OK"
2026-06-25 16:31:34,408 - INFO - Tabel sales: laetud read 5000-5999, saadi 1000 rida
2026-06-25 16:31:34,470 - INFO - HTTP Request: GET https://eocuprgglufoalmnphvi.supabase.co/rest/v1/sales?select=%2A&sale_date=gte.2023-01-01&sale_date=lte.2024-12-31&offset=6000&limit=1000 "HTTP/2 200 OK"
2026-06-25 16:31:34,490 - INFO - Tabel sales: laetud read 6000-6999, saadi 1000 rida
2026-06-25 16:31:34,552 - INFO - HTTP Request: GET https://eocuprgglufoalmnphvi.supabase.co/rest/v1/sales?select=%2A&sale_date=gte.2023-01-01&sale_date=lte.2024-12-31&offset=7000&limit=1000 "HTTP/2 200 OK"
2026-06-25 16:31:34,570 - INFO - Tabel sales: laetud read 7000-7999, saadi 1000 rida
2026-06-25 16:31:34,634 - INFO - HTTP Request: GET https://eocuprgglufoalmnphvi.supabase.co/rest/v1/sales?select=%2A&sale_date=gte.2023-01-01&sale_date=lte.2024-12-31&offset=8000&limit=1000 "HTTP/2 200 OK"
2026-06-25 16:31:34,655 - INFO - Tabel sales: laetud read 8000-8999, saadi 1000 rida
2026-06-25 16:31:34,716 - INFO - HTTP Request: GET https://eocuprgglufoalmnphvi.supabase.co/rest/v1/sales?select=%2A&sale_date=gte.2023-01-01&sale_date=lte.2024-12-31&offset=9000&limit=1000 "HTTP/2 200 OK"
2026-06-25 16:31:34,722 - INFO - Tabel sales: laetud read 9000-9999, saadi 411 rida
2026-06-25 16:31:34,905 - INFO - HTTP Request: GET https://eocuprgglufoalmnphvi.supabase.co/rest/v1/customers?select=%2A&offset=0&limit=1000 "HTTP/2 200 OK"
2026-06-25 16:31:34,922 - INFO - Tabel customers: laetud read 0-999, saadi 1000 rida
2026-06-25 16:31:34,985 - INFO - HTTP Request: GET https://eocuprgglufoalmnphvi.supabase.co/rest/v1/customers?select=%2A&offset=1000&limit=1000 "HTTP/2 200 OK"
2026-06-25 16:31:35,008 - INFO - Tabel customers: laetud read 1000-1999, saadi 1000 rida
2026-06-25 16:31:35,074 - INFO - HTTP Request: GET https://eocuprgglufoalmnphvi.supabase.co/rest/v1/customers?select=%2A&offset=2000&limit=1000 "HTTP/2 200 OK"
2026-06-25 16:31:35,096 - INFO - Tabel customers: laetud read 2000-2999, saadi 1000 rida
2026-06-25 16:31:35,154 - INFO - HTTP Request: GET https://eocuprgglufoalmnphvi.supabase.co/rest/v1/customers?select=%2A&offset=3000&limit=1000 "HTTP/2 200 OK"
2026-06-25 16:31:35,158 - INFO - Tabel customers: laetud read 3000-3999, saadi 150 rida
2026-06-25 16:31:35,251 - INFO - HTTP Request: GET https://eocuprgglufoalmnphvi.supabase.co/rest/v1/products?select=%2A&offset=0&limit=1000 "HTTP/2 200 OK"
2026-06-25 16:31:35,256 - INFO - Tabel products: laetud read 0-999, saadi 362 rida
2026-06-25 16:31:35,256 - INFO - Extract OK — müük: 9411 rida, kliendid: 3150, tooted: 362 (1.6s)
2026-06-25 16:31:35,256 - INFO - === ETAPP 2: TRANSFORM ===
2026-06-25 16:31:35,278 - INFO - Puhastamine OK — duplikaadid eemaldatud
2026-06-25 16:31:35,295 - INFO - Nädalakoondandmed OK — 105 nädalat
2026-06-25 16:31:35,295 - INFO - KPI-d OK — käive: 2691235.81 EUR, kliente: 2464, AOV: 287.80 EUR
2026-06-25 16:31:35,298 - INFO - Liitmine OK — 9351 rida, 20 veergu (0.0s)
2026-06-25 16:31:35,298 - INFO - === ETAPP 3: VISUALIZE ===
2026-06-25 16:31:35,438 - INFO - Diagrammid loodud (0.1s)
2026-06-25 16:31:35,438 - INFO - === ETAPP 4: EXPORT ===
2026-06-25 16:31:35,504 - INFO - Eksporditud 9351 rida faili output/pipeline_results_20260625_163135.csv
2026-06-25 16:31:35,505 - INFO - CSV salvestatud: output/pipeline_results_20260625_163135.csv
2026-06-25 16:31:35,527 - INFO - Diagramm salvestatud: output/weekly_revenue_20260625_163135.html
2026-06-25 16:31:35,542 - INFO - Diagramm salvestatud: output/kpi_summary_20260625_163135.html
2026-06-25 16:31:35,543 - INFO - HTML diagrammid salvestatud: ['output/weekly_revenue_20260625_163135.html', 'output/kpi_summary_20260625_163135.html']
2026-06-25 16:31:35,543 - INFO - Export OK (0.1s)
